Using pre-set license
Built from '2020.3/staging' branch; Version is '2020.3.23f1 (c5d91304a876) revision 12966163'; Using compiler version '192528614'; Build Type 'Release'
OS: 'Windows 10 Home; OS build 19043.1348; Version 2009; 64bit' Language: 'en' Physical Memory: 16342 MB
BatchMode: 1, IsHumanControllingUs: 0, StartBugReporterOnCrash: 0, Is64bit: 1, IsPro: 0

COMMAND LINE ARGUMENTS:
C:\Program Files\Unity\Hub\Editor\2020.3.23f1\Editor\Unity.exe
-adb2
-batchMode
-noUpm
-name
AssetImportWorker0
-projectPath
D:/Unity/systems and map test
-logFile
Logs/AssetImportWorker0.log
-srvPort
49370
Successfully changed project path to: D:/Unity/systems and map test
D:/Unity/systems and map test
Using Asset Import Pipeline V2.
Refreshing native plugins compatible for Editor in 39.47 ms, found 3 plugins.
Preloading 0 native plugins for Editor in 0.00 ms.
Initialize engine version: 2020.3.23f1 (c5d91304a876)
[Subsystems] Discovering subsystems at path C:/Program Files/Unity/Hub/Editor/2020.3.23f1/Editor/Data/Resources/UnitySubsystems
[Subsystems] Discovering subsystems at path D:/Unity/systems and map test/Assets
GfxDevice: creating device client; threaded=0
Direct3D:
    Version:  Direct3D 11.0 [level 11.1]
    Renderer: NVIDIA GeForce GTX 1080 (ID=0x1b80)
    Vendor:   
    VRAM:     8079 MB
    Driver:   30.0.14.9676
Initialize mono
Mono path[0] = 'C:/Program Files/Unity/Hub/Editor/2020.3.23f1/Editor/Data/Managed'
Mono path[1] = 'C:/Program Files/Unity/Hub/Editor/2020.3.23f1/Editor/Data/MonoBleedingEdge/lib/mono/unityjit'
Mono config path = 'C:/Program Files/Unity/Hub/Editor/2020.3.23f1/Editor/Data/MonoBleedingEdge/etc'
Using monoOptions --debugger-agent=transport=dt_socket,embedding=1,server=y,suspend=n,address=127.0.0.1:56464
Begin MonoManager ReloadAssembly
Registering precompiled unity dll's ...
Register platform support module: C:/Program Files/Unity/Hub/Editor/2020.3.23f1/Editor/Data/PlaybackEngines/WindowsStandaloneSupport/UnityEditor.WindowsStandalone.Extensions.dll
Registered in 0.002997 seconds.
Native extension for WindowsStandalone target not found
Refreshing native plugins compatible for Editor in 36.80 ms, found 3 plugins.
Preloading 0 native plugins for Editor in 0.00 ms.
Mono: successfully reloaded assembly
- Completed reload, in  0.504 seconds
Domain Reload Profiling:
	ReloadAssembly (504ms)
		BeginReloadAssembly (50ms)
			ExecutionOrderSort (0ms)
			DisableScriptedObjects (0ms)
			BackupInstance (0ms)
			ReleaseScriptingObjects (0ms)
			CreateAndSetChildDomain (1ms)
		EndReloadAssembly (389ms)
			LoadAssemblies (47ms)
			RebuildTransferFunctionScriptingTraits (0ms)
			SetupTypeCache (133ms)
			ReleaseScriptCaches (0ms)
			RebuildScriptCaches (25ms)
			SetupLoadedEditorAssemblies (143ms)
				LogAssemblyErrors (0ms)
				InitializePlatformSupportModulesInManaged (4ms)
				SetLoadedEditorAssemblies (0ms)
				RefreshPlugins (37ms)
				BeforeProcessingInitializeOnLoad (13ms)
				ProcessInitializeOnLoadAttributes (66ms)
				ProcessInitializeOnLoadMethodAttributes (22ms)
				AfterProcessingInitializeOnLoad (0ms)
				EditorAssembliesLoaded (0ms)
			ExecutionOrderSort2 (0ms)
			AwakeInstancesAfterBackupRestoration (0ms)
Platform modules already initialized, skipping
Registering precompiled user dll's ...
Registered in 0.006714 seconds.
Begin MonoManager ReloadAssembly
Native extension for WindowsStandalone target not found
Refreshing native plugins compatible for Editor in 36.17 ms, found 3 plugins.
Preloading 0 native plugins for Editor in 0.00 ms.
Mono: successfully reloaded assembly
- Completed reload, in  0.949 seconds
Domain Reload Profiling:
	ReloadAssembly (949ms)
		BeginReloadAssembly (122ms)
			ExecutionOrderSort (0ms)
			DisableScriptedObjects (4ms)
			BackupInstance (0ms)
			ReleaseScriptingObjects (0ms)
			CreateAndSetChildDomain (15ms)
		EndReloadAssembly (773ms)
			LoadAssemblies (87ms)
			RebuildTransferFunctionScriptingTraits (0ms)
			SetupTypeCache (262ms)
			ReleaseScriptCaches (0ms)
			RebuildScriptCaches (39ms)
			SetupLoadedEditorAssemblies (287ms)
				LogAssemblyErrors (0ms)
				InitializePlatformSupportModulesInManaged (3ms)
				SetLoadedEditorAssemblies (0ms)
				RefreshPlugins (36ms)
				BeforeProcessingInitializeOnLoad (68ms)
				ProcessInitializeOnLoadAttributes (157ms)
				ProcessInitializeOnLoadMethodAttributes (14ms)
				AfterProcessingInitializeOnLoad (9ms)
				EditorAssembliesLoaded (0ms)
			ExecutionOrderSort2 (0ms)
			AwakeInstancesAfterBackupRestoration (5ms)
Platform modules already initialized, skipping
========================================================================
Worker process is ready to serve import requests
Launched and connected shader compiler UnityShaderCompiler.exe after 0.05 seconds
Refreshing native plugins compatible for Editor in 0.76 ms, found 3 plugins.
Preloading 0 native plugins for Editor in 0.00 ms.
Unloading 2252 Unused Serialized files (Serialized files now loaded: 0)
System memory in use before: 119.0 MB.
System memory in use after: 119.2 MB.

Unloading 27 unused Assets to reduce memory usage. Loaded Objects now: 2708.
Total: 3.324100 ms (FindLiveObjects: 0.348300 ms CreateObjectMapping: 0.158100 ms MarkObjects: 2.790900 ms  DeleteObjects: 0.025500 ms)

AssetImportParameters requested are different than current active one (requested -> active):
  custom:framework-win-MediaFoundation: 216162199b28c13a410421893ffa2e32 -> 
  custom:video-decoder-ogg-theora: a1e56fd34408186e4bbccfd4996cb3dc -> 
  custom:container-muxer-webm: aa71ff27fc2769a1b78a27578f13a17b -> 
  custom:container-demuxer-webm: 4f35f7cbe854078d1ac9338744f61a02 -> 
  custom:container-demuxer-ogg: 62fdf1f143b41e24485cea50d1cbac27 -> 
  custom:video-encoder-webm-vp8: eb34c28f22e8b96e1ab97ce403110664 -> 
  custom:video-decoder-webm-vp8: 9c59270c3fd7afecdb556c50c9e8de78 -> 
  custom:audio-decoder-ogg-vorbis: bf7c407c2cedff20999df2af8eb42d56 -> 
  custom:audio-encoder-webm-vorbis: bf7c407c2cedff20999df2af8eb42d56 -> 
========================================================================
Received Import Request.
  path: Assets/Prefabs
  artifactKey: Guid(9052b62a7b8a97845b32a3c7eef03662) Importer(815301076,1909f56bfc062723c751e8b465ee728b)
Start importing Assets/Prefabs using Guid(9052b62a7b8a97845b32a3c7eef03662) Importer(815301076,1909f56bfc062723c751e8b465ee728b)  -> (artifact id: 'b3a07d95bbc5e7e23bdabd121c296580') in 0.008542 seconds 
  Import took 0.031386 seconds .

========================================================================
Received Import Request.
  Time since last request: 25.771147 seconds.
  path: Assets/Prefabs/New Prefab.prefab
  artifactKey: Guid(daeb4ab359a3d414c8b996f3b69a15c6) Importer(815301076,1909f56bfc062723c751e8b465ee728b)
Start importing Assets/Prefabs/New Prefab.prefab using Guid(daeb4ab359a3d414c8b996f3b69a15c6) Importer(815301076,1909f56bfc062723c751e8b465ee728b)  -> (artifact id: 'b32666a178ec458db47f9c2f9d7b54ba') in 0.046368 seconds 
  Import took 0.058021 seconds .

========================================================================
Received Import Request.
  Time since last request: 10.267561 seconds.
  path: Assets/Prefabs/New Prefab.prefab
  artifactKey: Guid(daeb4ab359a3d414c8b996f3b69a15c6) Importer(815301076,1909f56bfc062723c751e8b465ee728b)
Start importing Assets/Prefabs/New Prefab.prefab using Guid(daeb4ab359a3d414c8b996f3b69a15c6) Importer(815301076,1909f56bfc062723c751e8b465ee728b)  -> (artifact id: '0c0baa947b33c1d4f6fde0b09dfb352e') in 0.006911 seconds 
  Import took 0.020060 seconds .

========================================================================
Received Import Request.
  Time since last request: 0.361232 seconds.
  path: Assets/Prefabs/New Prefab.prefab
  artifactKey: Guid(daeb4ab359a3d414c8b996f3b69a15c6) Importer(815301076,1909f56bfc062723c751e8b465ee728b)
Start importing Assets/Prefabs/New Prefab.prefab using Guid(daeb4ab359a3d414c8b996f3b69a15c6) Importer(815301076,1909f56bfc062723c751e8b465ee728b)  -> (artifact id: '5ef765a96344384365d259a8910968df') in 0.006763 seconds 
  Import took 0.010608 seconds .

========================================================================
Received Import Request.
  Time since last request: 1.007205 seconds.
  path: Assets/Prefabs/New Prefab.prefab
  artifactKey: Guid(daeb4ab359a3d414c8b996f3b69a15c6) Importer(815301076,1909f56bfc062723c751e8b465ee728b)
Start importing Assets/Prefabs/New Prefab.prefab using Guid(daeb4ab359a3d414c8b996f3b69a15c6) Importer(815301076,1909f56bfc062723c751e8b465ee728b)  -> (artifact id: 'd2b9f714f2fb506a85b3de6f503668e1') in 0.006593 seconds 
  Import took 0.010431 seconds .

========================================================================
Received Import Request.
  Time since last request: 10.608683 seconds.
  path: Assets/Prefabs/Colony.prefab
  artifactKey: Guid(daeb4ab359a3d414c8b996f3b69a15c6) Importer(815301076,1909f56bfc062723c751e8b465ee728b)
Start importing Assets/Prefabs/Colony.prefab using Guid(daeb4ab359a3d414c8b996f3b69a15c6) Importer(815301076,1909f56bfc062723c751e8b465ee728b)  -> (artifact id: '6e14182e745ef1409b31a16a80af1fee') in 0.008228 seconds 
  Import took 0.011823 seconds .

AssetImportWorkerClient::OnTransportError - code=2 error=End of file
